#
# A fatal error has been detected by the Java Runtime Environment:
#
#  EXCEPTION_ACCESS_VIOLATION (0xc0000005) at pc=0x00007ffa8a8116f5, pid=3052, tid=8200
#
# JRE version: OpenJDK Runtime Environment Temurin-22.0.1+8 (22.0.1+8) (build 22.0.1+8)
# Java VM: OpenJDK 64-Bit Server VM Temurin-22.0.1+8 (22.0.1+8, mixed mode, sharing, tiered, compressed oops, compressed class ptrs, g1 gc, windows-amd64)
# Problematic frame:
# C  [heavygl.dll+0x16f5]
#
# No core dump will be written. Minidumps are not enabled by default on client versions of Windows
#
# If you would like to submit a bug report, please visit:
#   https://github.com/adoptium/adoptium-support/issues
# The crash happened outside the Java Virtual Machine in native code.
# See problematic frame for where to report the bug.
#

---------------  S U M M A R Y ------------

Command Line: -Djava.library.path=natives/windows -Dfile.encoding=UTF-8 -Dstdout.encoding=UTF-8 -Dstderr.encoding=UTF-8 -XX:+ShowCodeDetailsInExceptionMessages HGLTest

Host: Intel(R) Core(TM) i3-1005G1 CPU @ 1.20GHz, 4 cores, 7G,  Windows 11 , 64 bit Build 22621 (10.0.22621.4391)
Time: Wed Nov  6 19:52:37 2024 Romance Standard Time elapsed time: 0.505291 seconds (0d 0h 0m 0s)

---------------  T H R E A D  ---------------

Current thread (0x000002a0ff83acb0):  JavaThread "AWT-EventQueue-0"        [_thread_in_native, id=0, stack(0x000000b111600000,0x000000b111700000) (1024K)]

Stack: [0x000000b111600000,0x000000b111700000],  sp=0x000000b1116fdf60,  free space=1015k
Native frames: (J=compiled Java code, j=interpreted, Vv=VM code, C=native code)
C  [heavygl.dll+0x16f5]  (no source info available)
C  [heavygl.dll+0x17f6]  (no source info available)
C  0x000002a0f29fd0c7  (no source info available)

The last pc belongs to native method entry point (kind = native) (printed below).
Java frames: (J=compiled Java code, j=interpreted, Vv=VM code)
j  org.josl.heavygl.HGL11C.nglClear()V+0
j  org.josl.heavygl.HGL11.glClear()V+0
j  HGLTest.paintComponent(Ljava/awt/Graphics;)V+5
j  javax.swing.JComponent.paint(Ljava/awt/Graphics;)V+286 java.desktop@22.0.1
j  javax.swing.JComponent.paintChildren(Ljava/awt/Graphics;)V+516 java.desktop@22.0.1
j  javax.swing.JComponent.paint(Ljava/awt/Graphics;)V+318 java.desktop@22.0.1
j  javax.swing.JComponent.paintChildren(Ljava/awt/Graphics;)V+516 java.desktop@22.0.1
j  javax.swing.JComponent.paint(Ljava/awt/Graphics;)V+318 java.desktop@22.0.1
j  javax.swing.JLayeredPane.paint(Ljava/awt/Graphics;)V+73 java.desktop@22.0.1
j  javax.swing.JComponent.paintChildren(Ljava/awt/Graphics;)V+516 java.desktop@22.0.1
j  javax.swing.JComponent.paintToOffscreen(Ljava/awt/Graphics;IIIIII)V+72 java.desktop@22.0.1
j  javax.swing.RepaintManager$PaintManager.paintDoubleBufferedImpl(Ljavax/swing/JComponent;Ljava/awt/Image;Ljava/awt/Graphics;IIII)V+163 java.desktop@22.0.1
j  javax.swing.RepaintManager$PaintManager.paintDoubleBuffered(Ljavax/swing/JComponent;Ljava/awt/Image;Ljava/awt/Graphics;IIII)V+46 java.desktop@22.0.1
j  javax.swing.RepaintManager$PaintManager.paint(Ljavax/swing/JComponent;Ljavax/swing/JComponent;Ljava/awt/Graphics;IIII)Z+128 java.desktop@22.0.1
j  javax.swing.RepaintManager.paint(Ljavax/swing/JComponent;Ljavax/swing/JComponent;Ljava/awt/Graphics;IIII)V+52 java.desktop@22.0.1
j  javax.swing.JComponent.paint(Ljava/awt/Graphics;)V+221 java.desktop@22.0.1
j  java.awt.GraphicsCallback$PaintCallback.run(Ljava/awt/Component;Ljava/awt/Graphics;)V+2 java.desktop@22.0.1
j  sun.awt.SunGraphicsCallback.runOneComponent(Ljava/awt/Component;Ljava/awt/Rectangle;Ljava/awt/Graphics;Ljava/awt/Shape;I)V+130 java.desktop@22.0.1
j  sun.awt.SunGraphicsCallback.runComponents([Ljava/awt/Component;Ljava/awt/Graphics;I)V+157 java.desktop@22.0.1
j  java.awt.Container.paint(Ljava/awt/Graphics;)V+58 java.desktop@22.0.1
j  java.awt.Window.paint(Ljava/awt/Graphics;)V+68 java.desktop@22.0.1
j  javax.swing.RepaintManager$4.run()Ljava/lang/Void;+142 java.desktop@22.0.1
j  javax.swing.RepaintManager$4.run()Ljava/lang/Object;+1 java.desktop@22.0.1
j  java.security.AccessController.executePrivileged(Ljava/security/PrivilegedAction;Ljava/security/AccessControlContext;Ljava/lang/Class;)Ljava/lang/Object;+29 java.base@22.0.1
j  java.security.AccessController.doPrivileged(Ljava/security/PrivilegedAction;Ljava/security/AccessControlContext;)Ljava/lang/Object;+13 java.base@22.0.1
j  java.security.ProtectionDomain$JavaSecurityAccessImpl.doIntersectionPrivilege(Ljava/security/PrivilegedAction;Ljava/security/AccessControlContext;Ljava/security/AccessControlContext;)Ljava/lang/Object;+18 java.base@22.0.1
j  javax.swing.RepaintManager.paintDirtyRegions(Ljava/util/Map;)V+154 java.desktop@22.0.1
j  javax.swing.RepaintManager.paintDirtyRegions()V+46 java.desktop@22.0.1
j  javax.swing.RepaintManager.prePaintDirtyRegions()V+73 java.desktop@22.0.1
j  javax.swing.RepaintManager$ProcessingRunnable.run()V+37 java.desktop@22.0.1
j  java.awt.event.InvocationEvent.dispatch()V+47 java.desktop@22.0.1
j  java.awt.EventQueue.dispatchEventImpl(Ljava/awt/AWTEvent;Ljava/lang/Object;)V+21 java.desktop@22.0.1
j  java.awt.EventQueue$4.run()Ljava/lang/Void;+32 java.desktop@22.0.1
j  java.awt.EventQueue$4.run()Ljava/lang/Object;+1 java.desktop@22.0.1
j  java.security.AccessController.executePrivileged(Ljava/security/PrivilegedAction;Ljava/security/AccessControlContext;Ljava/lang/Class;)Ljava/lang/Object;+29 java.base@22.0.1
j  java.security.AccessController.doPrivileged(Ljava/security/PrivilegedAction;Ljava/security/AccessControlContext;)Ljava/lang/Object;+13 java.base@22.0.1
j  java.security.ProtectionDomain$JavaSecurityAccessImpl.doIntersectionPrivilege(Ljava/security/PrivilegedAction;Ljava/security/AccessControlContext;Ljava/security/AccessControlContext;)Ljava/lang/Object;+18 java.base@22.0.1
j  java.awt.EventQueue.dispatchEvent(Ljava/awt/AWTEvent;)V+46 java.desktop@22.0.1
j  java.awt.EventDispatchThread.pumpOneEventForFilters(I)V+81 java.desktop@22.0.1
j  java.awt.EventDispatchThread.pumpEventsForFilter(ILjava/awt/Conditional;Ljava/awt/EventFilter;)V+35 java.desktop@22.0.1
j  java.awt.EventDispatchThread.pumpEventsForHierarchy(ILjava/awt/Conditional;Ljava/awt/Component;)V+11 java.desktop@22.0.1
j  java.awt.EventDispatchThread.pumpEvents(ILjava/awt/Conditional;)V+4 java.desktop@22.0.1
j  java.awt.EventDispatchThread.pumpEvents(Ljava/awt/Conditional;)V+3 java.desktop@22.0.1
j  java.awt.EventDispatchThread.run()V+9 java.desktop@22.0.1
v  ~StubRoutines::call_stub 0x000002a0f29f100d

siginfo: EXCEPTION_ACCESS_VIOLATION (0xc0000005), writing address 0x000002a0c5490000


Registers:
RAX=0x000002a0c5490000, RBX=0x000002a0c14266e8, RCX=0x0000000000000000, RDX=0x0000000000000000
RSP=0x000000b1116fdf60, RBP=0x000000b1116fdf70, RSI=0x0000000000000000, RDI=0x0000000000000001
R8 =0x0000000000000004, R9 =0x0000000000000004, R10=0x000002a0f29fd098, R11=0x000000008ac572c0
R12=0x0000000000000000, R13=0x000002a0c14266e8, R14=0x000000b1116fe038, R15=0x000002a0ff83acb0
RIP=0x00007ffa8a8116f5, EFLAGS=0x0000000000010206


Register to memory mapping:

RAX=0x000002a0c5490000 is an unknown value
RBX={method} {0x000002a0c14266f0} 'nglClear' '()V' in 'org/josl/heavygl/HGL11C'
RCX=0x0 is null
RDX=0x0 is null
RSP=0x000000b1116fdf60 is pointing into the stack for thread: 0x000002a0ff83acb0
RBP=0x000000b1116fdf70 is pointing into the stack for thread: 0x000002a0ff83acb0
RSI=0x0 is null
RDI=0x0000000000000001 is an unknown value
R8 =0x0000000000000004 is an unknown value
R9 =0x0000000000000004 is an unknown value
R10=0x000002a0f29fd098 is at code_begin+1016 in an Interpreter codelet
native method entry point (kind = native)  [0x000002a0f29fcca0, 0x000002a0f29fd8c0]  3104 bytes
R11=0x000000008ac572c0 is an oop: java.lang.Class 
{0x000000008ac572c0} - klass: 'java/lang/Class'
 - ---- fields (total size 14 words):
 - private volatile transient 'classRedefinedCount' 'I' @12  0 (0x00000000)
 - injected 'klass' 'J' @16  2888382297720 (0x000002a081003678)
 - injected 'array_klass' 'J' @24  0 (0x0000000000000000)
 - injected 'oop_size' 'I' @32  14 (0x0000000e)
 - injected 'static_oop_field_count' 'I' @36  0 (0x00000000)
 - private volatile transient 'cachedConstructor' 'Ljava/lang/reflect/Constructor;' @40  null (0x00000000)
 - private transient 'name' 'Ljava/lang/String;' @44  "org.josl.heavygl.HGL11C"{0x000000008ac57330} (0x8ac57330)
 - private transient 'module' 'Ljava/lang/Module;' @48  a 'java/lang/Module'{0x000000008b016ff8} (0x8b016ff8)
 - private final 'classLoader' 'Ljava/lang/ClassLoader;' @52  a 'jdk/internal/loader/ClassLoaders$AppClassLoader'{0x000000008b016e38} (0x8b016e38)
 - private transient 'classData' 'Ljava/lang/Object;' @56  null (0x00000000)
 - private transient 'packageName' 'Ljava/lang/String;' @60  "org.josl.heavygl"{0x000000008af77df8} (0x8af77df8)
 - private final 'componentType' 'Ljava/lang/Class;' @64  null (0x00000000)
 - private volatile transient 'reflectionData' 'Ljava/lang/ref/SoftReference;' @68  null (0x00000000)
 - private volatile transient 'genericInfo' 'Lsun/reflect/generics/repository/ClassRepository;' @72  null (0x00000000)
 - private volatile transient 'enumConstants' '[Ljava/lang/Object;' @76  null (0x00000000)
 - private volatile transient 'enumConstantDirectory' 'Ljava/util/Map;' @80  null (0x00000000)
 - private volatile transient 'annotationData' 'Ljava/lang/Class$AnnotationData;' @84  null (0x00000000)
 - private volatile transient 'annotationType' 'Lsun/reflect/annotation/AnnotationType;' @88  null (0x00000000)
 - transient 'classValueMap' 'Ljava/lang/ClassValue$ClassValueMap;' @92  null (0x00000000)
 - injected 'protection_domain' 'Ljava/lang/Object;' @96  a 'java/security/ProtectionDomain'{0x000000008af78fb8} (0x8af78fb8)
 - injected 'signers_name' 'Ljava/lang/Object;' @100  null (0x00000000)
 - injected 'source_file' 'Ljava/lang/Object;' @104  null (0x00000000)
 - signature: Lorg/josl/heavygl/HGL11C;
 - ---- static fields (0):
R12=0x0 is null
R13={method} {0x000002a0c14266f0} 'nglClear' '()V' in 'org/josl/heavygl/HGL11C'
R14=0x000000b1116fe038 is pointing into the stack for thread: 0x000002a0ff83acb0
R15=0x000002a0ff83acb0 is a thread

Top of Stack: (sp=0x000000b1116fdf60)
0x000000b1116fdf60:   000002a0c14266e8 00027b5cff83acb0
0x000000b1116fdf70:   000000b1116fdfa0 00007ffa8a8117f6
0x000000b1116fdf80:   000002a0c14266e8 000002a0c14266e8
0x000000b1116fdf90:   000002a0c14266e8 000000b1116fe038
0x000000b1116fdfa0:   000000b1116fe020 000002a0f29fd0c7
0x000000b1116fdfb0:   000002a0ff83b070 000000b1116fe030
0x000000b1116fdfc0:   000002a0c14254a0 000002a0ff83acb0
0x000000b1116fdfd0:   000002a0f29fcd5b fffffffffffffff7
0x000000b1116fdfe0:   000002a0c14266e8 0000000000000003
0x000000b1116fdff0:   000002a0c14268c8 0000000000000000
0x000000b1116fe000:   000000008ac572c0 000002a0c14266e8
0x000000b1116fe010:   0000000000000000 000000b1116fe040
0x000000b1116fe020:   000000b1116fe088 000002a0f29f88c0
0x000000b1116fe030:   000000008ac572c0 000002a0f29fa517
0x000000b1116fe040:   fffffffffffffff7 000002a0c1425490
0x000000b1116fe050:   0000000000000001 000002a0c1425718
0x000000b1116fe060:   0000000000000000 000000008ac54bc0
0x000000b1116fe070:   000002a0c14254a0 fffffffffffffff7
0x000000b1116fe080:   000000b1116fe098 000000b1116fe0e0
0x000000b1116fe090:   000002a0f29f88c0 fffffffffffffff7
0x000000b1116fe0a0:   000002a0c1400ad5 0000000000000003
0x000000b1116fe0b0:   000002a0c1401278 0000000000000000
0x000000b1116fe0c0:   000000008b049798 000002a0c1400b18
0x000000b1116fe0d0:   fffffffffffffff7 000000b1116fe0f0
0x000000b1116fe0e0:   000000b1116fe148 000002a0f29f88c0
0x000000b1116fe0f0:   000000008ac614d0 000000008af4deb8
0x000000b1116fe100:   fffffffffffffff7 000002a0c1029526
0x000000b1116fe110:   0000000000000011 000002a0c106bfa8
0x000000b1116fe120:   0000000000000000 000000008b0494f8
0x000000b1116fe130:   000002a0c10296c8 fffffffffffffff5
0x000000b1116fe140:   000000b1116fe1c8 000000b1116fe230
0x000000b1116fe150:   000002a0f29f88c0 0000000000000000 

Instructions: (pc=0x00007ffa8a8116f5)
0x00007ffa8a8115f5:   ef c0 0f 2f 45 10 77 4a f3 0f 10 45 10 f3 0f 10
0x00007ffa8a811605:   0d 6a 2a 00 00 0f 2f c1 77 38 66 0f ef c0 0f 2f
0x00007ffa8a811615:   45 18 77 2e f3 0f 10 45 18 f3 0f 10 0d 4e 2a 00
0x00007ffa8a811625:   00 0f 2f c1 77 1c 66 0f ef c0 0f 2f 45 20 77 12
0x00007ffa8a811635:   f3 0f 10 45 20 f3 0f 10 0d 32 2a 00 00 0f 2f c1
0x00007ffa8a811645:   76 0c c7 05 67 6a 00 00 01 05 00 00 eb 6f 66 0f
0x00007ffa8a811655:   ef c9 f3 0f 5a 4d 10 f2 0f 10 05 14 2a 00 00 f2
0x00007ffa8a811665:   0f 59 c1 f2 0f 2c c0 89 45 fc 66 0f ef c9 f3 0f
0x00007ffa8a811675:   5a 4d 18 f2 0f 10 05 f8 29 00 00 f2 0f 59 c1 f2
0x00007ffa8a811685:   0f 2c c0 89 45 f8 66 0f ef c9 f3 0f 5a 4d 20 f2
0x00007ffa8a811695:   0f 10 05 dc 29 00 00 f2 0f 59 c1 f2 0f 2c c0 89
0x00007ffa8a8116a5:   45 f4 8b 45 fc c1 e0 10 89 c2 8b 45 f8 c1 e0 08
0x00007ffa8a8116b5:   01 c2 8b 45 f4 01 d0 89 05 fa 69 00 00 48 83 c4
0x00007ffa8a8116c5:   10 5d c3 55 48 89 e5 48 83 ec 10 c7 45 fc 00 00
0x00007ffa8a8116d5:   00 00 eb 22 8b 0d dd 69 00 00 48 8b 05 ca 69 00
0x00007ffa8a8116e5:   00 8b 55 fc 48 63 d2 48 c1 e2 02 48 01 d0 89 ca
0x00007ffa8a8116f5:   89 10 83 45 fc 01 8b 05 a7 69 00 00 39 45 fc 7c
0x00007ffa8a811705:   d3 90 90 48 83 c4 10 5d c3 55 48 89 e5 48 83 ec
0x00007ffa8a811715:   10 8b 05 9c 69 00 00 89 45 fc c7 05 8f 69 00 00
0x00007ffa8a811725:   00 00 00 00 8b 45 fc 48 83 c4 10 5d c3 55 48 89
0x00007ffa8a811735:   e5 89 4d 10 81 7d 10 00 1f 00 00 74 12 81 7d 10
0x00007ffa8a811745:   02 1f 00 00 75 12 48 8d 05 fe 28 00 00 eb 10 48
0x00007ffa8a811755:   8d 05 01 29 00 00 eb 07 48 8d 05 0a 29 00 00 5d
0x00007ffa8a811765:   c3 90 90 90 90 90 90 90 90 90 90 55 48 89 e5 48
0x00007ffa8a811775:   83 ec 20 48 89 4d 10 48 89 55 18 4c 89 45 20 44
0x00007ffa8a811785:   89 4d 28 8b 4d 30 8b 55 28 48 8b 45 20 41 89 c8
0x00007ffa8a811795:   48 89 c1 e8 03 fe ff ff 90 48 83 c4 20 5d c3 55
0x00007ffa8a8117a5:   48 89 e5 48 83 ec 20 48 89 4d 10 48 89 55 18 f3
0x00007ffa8a8117b5:   0f 11 55 20 f3 0f 11 5d 28 f3 0f 10 4d 30 f3 0f
0x00007ffa8a8117c5:   10 45 28 8b 45 20 0f 28 d1 0f 28 c8 66 0f 6e c0
0x00007ffa8a8117d5:   e8 02 fe ff ff 90 48 83 c4 20 5d c3 55 48 89 e5
0x00007ffa8a8117e5:   48 83 ec 20 48 89 4d 10 48 89 55 18 e8 d2 fe ff 


Stack slot to memory mapping:

stack at sp + 0 slots: {method} {0x000002a0c14266f0} 'nglClear' '()V' in 'org/josl/heavygl/HGL11C'
stack at sp + 1 slots: 0x00027b5cff83acb0 is an unknown value
stack at sp + 2 slots: 0x000000b1116fdfa0 is pointing into the stack for thread: 0x000002a0ff83acb0
stack at sp + 3 slots: 0x00007ffa8a8117f6 heavygl.dll
stack at sp + 4 slots: {method} {0x000002a0c14266f0} 'nglClear' '()V' in 'org/josl/heavygl/HGL11C'
stack at sp + 5 slots: {method} {0x000002a0c14266f0} 'nglClear' '()V' in 'org/josl/heavygl/HGL11C'
stack at sp + 6 slots: {method} {0x000002a0c14266f0} 'nglClear' '()V' in 'org/josl/heavygl/HGL11C'
stack at sp + 7 slots: 0x000000b1116fe038 is pointing into the stack for thread: 0x000002a0ff83acb0

native method entry point (kind = native)  [0x000002a0f29fcca0, 0x000002a0f29fd8c0]  3104 bytes
[MachCode]
  0x000002a0f29fcca0: 488b 4b08 | 0fb7 492e | 584c 8d74 | ccf8 6800 | 0000 0068 | 0000 0000 | 5055 488b | ec41 5568 
  0x000002a0f29fccc0: 0000 0000 | 4c8b 6b08 | 4d8d 6d38 | 5348 8b53 | 0848 8b52 | 0848 8b52 | 1848 8b52 | 7048 8b12 
  0x000002a0f29fcce0: 5248 8b53 | 1048 85d2 | 0f84 0700 | 0000 4881 | c210 0100 | 0052 488b | 5308 488b | 5208 488b 
  0x000002a0f29fcd00: 5210 5249 | 8bc6 482b | c548 c1e8 | 0350 6800 | 0000 0068 | f7ff ffff | 41c6 8781 | 0400 0001 
  0x000002a0f29fcd20: 488b 4310 | 4885 c074 | 208b 88cc | 0000 0083 | c102 8988 | cc00 0000 | 2388 e000 | 0000 0f84 
  0x000002a0f29fcd40: cb0a 0000 | e9cf 0000 | 0048 8b43 | 1848 85c0 | 0f85 b000 | 0000 e805 | 0000 00e9 | 9900 0000 
  0x000002a0f29fcd60: 488b d348 | 8d44 2408 | 4c89 6dc0 | 498b cfc5 | f877 4989 | afb0 0300 | 0049 8987 | a003 0000 
  0x000002a0f29fcd80: 4883 ec20 | 40f6 c40f | 0f84 1900 | 0000 4883 | ec08 48b8 | 100c 2c64 | fa7f 0000 | ffd0 4883 
  0x000002a0f29fcda0: c408 e90c | 0000 0048 | b810 0c2c | 64fa 7f00 | 00ff d048 | 83c4 2049 | c787 a003 | 0000 0000 
  0x000002a0f29fcdc0: 0000 49c7 | 87b0 0300 | 0000 0000 | 0049 c787 | a803 0000 | 0000 0000 | c5f8 7749 | 837f 0800 
  0x000002a0f29fcde0: 0f84 0500 | 0000 e915 | 41ff ff4c | 8b6d c04c | 8b75 c84e | 8d74 f500 | c348 8b43 | 1848 85c0 
  0x000002a0f29fce00: 0f84 1200 | 0000 8b48 | 0883 c102 | 8948 0823 | 481c 0f84 | f709 0000 | 493b a7f0 | 0400 000f 
  0x000002a0f29fce20: 8748 0000 | 0089 8424 | 00f0 ffff | 8984 2400 | e0ff ff89 | 8424 00d0 | ffff 8984 | 2400 c0ff 
  0x000002a0f29fce40: ff89 8424 | 00b0 ffff | 8984 2400 | a0ff ff89 | 8424 0090 | ffff 8984 | 2400 80ff | ff49 3ba7 
  0x000002a0f29fce60: e804 0000 | 7607 4989 | a7f0 0400 | 0041 c687 | 8104 0000 | 0049 ba47 | 74b9 64fa | 7f00 0041 
  0x000002a0f29fce80: 803a 000f | 843e 0000 | 0048 8b55 | e849 8bcf | 4883 ec20 | 40f6 c40f | 0f84 1900 | 0000 4883 
  0x000002a0f29fcea0: ec08 48b8 | 1042 6364 | fa7f 0000 | ffd0 4883 | c408 e90c | 0000 0048 | b810 4263 | 64fa 7f00 
  0x000002a0f29fcec0: 00ff d048 | 83c4 2048 | 8b5d e84c | 8b5b 0845 | 0fb7 5b2e | 41c1 e303 | 492b e348 | 83ec 2048 
  0x000002a0f29fcee0: 83e4 f04c | 8b5b 604d | 85db 0f85 | ab00 0000 | e805 0000 | 00e9 9900 | 0000 488b | d348 8d44 
  0x000002a0f29fcf00: 2408 4c89 | 6dc0 498b | cfc5 f877 | 4989 afb0 | 0300 0049 | 8987 a003 | 0000 4883 | ec20 40f6 
  0x000002a0f29fcf20: c40f 0f84 | 1900 0000 | 4883 ec08 | 48b8 3033 | 2c64 fa7f | 0000 ffd0 | 4883 c408 | e90c 0000 
  0x000002a0f29fcf40: 0048 b830 | 332c 64fa | 7f00 00ff | d048 83c4 | 2049 c787 | a003 0000 | 0000 0000 | 49c7 87b0 
  0x000002a0f29fcf60: 0300 0000 | 0000 0049 | c787 a803 | 0000 0000 | 0000 c5f8 | 7749 837f | 0800 0f84 | 0500 0000 
  0x000002a0f29fcf80: e97b 3fff | ff4c 8b6d | c04c 8b75 | c84e 8d74 | f500 c348 | 8b5d e84c | 8b5b 6041 | ffd3 488b 
  0x000002a0f29fcfa0: 5de8 4889 | 4518 448b | 5b28 41f6 | c308 0f84 | 1b00 0000 | 4c8b 5b08 | 4d8b 5b08 | 4d8b 5b18 
  0x000002a0f29fcfc0: 4d8b 5b70 | 4d8b 1b4c | 895d 1048 | 8d55 1048 | 8b43 5849 | ba00 9863 | 64fa 7f00 | 0049 3bc2 
  0x000002a0f29fcfe0: 0f85 ab00 | 0000 e805 | 0000 00e9 | 9900 0000 | 488b d348 | 8d44 2408 | 4c89 6dc0 | 498b cfc5 
  0x000002a0f29fd000: f877 4989 | afb0 0300 | 0049 8987 | a003 0000 | 4883 ec20 | 40f6 c40f | 0f84 1900 | 0000 4883 
  0x000002a0f29fd020: ec08 48b8 | 3033 2c64 | fa7f 0000 | ffd0 4883 | c408 e90c | 0000 0048 | b830 332c | 64fa 7f00 
  0x000002a0f29fd040: 00ff d048 | 83c4 2049 | c787 a003 | 0000 0000 | 0000 49c7 | 87b0 0300 | 0000 0000 | 0049 c787 
  0x000002a0f29fd060: a803 0000 | 0000 0000 | c5f8 7749 | 837f 0800 | 0f84 0500 | 0000 e985 | 3eff ff4c | 8b6d c04c 
  0x000002a0f29fd080: 8b75 c84e | 8d74 f500 | c348 8b5d | e848 8b43 | 5849 8d8f | c003 0000 | c5f8 7749 | 89af b003 
  0x000002a0f29fd0a0: 0000 49ba | 98d0 9ff2 | a002 0000 | 4d89 97a8 | 0300 0049 | 89a7 a003 | 0000 41c7 | 8754 0400 
  0x000002a0f29fd0c0: 0004 0000 | 00ff d0c5 | f877 4883 | ec10 c5fb | 1104 2448 | 83ec 1048 | 8904 2448 | c744 2408 
  0x000002a0f29fd0e0: 0000 0000 | 41c7 8754 | 0400 0005 | 0000 00f0 | 8344 24c0 | 0049 3baf | 5804 0000 | 0f87 0e00 
  0x000002a0f29fd100: 0000 4183 | bf50 0400 | 0000 0f84 | 2000 0000 | 498b cf4c | 8be4 4883 | ec20 4883 | e4f0 48b8 
  0x000002a0f29fd120: 5087 2d64 | fa7f 0000 | ffd0 498b | e44d 33e4 | 41c7 8754 | 0400 0008 | 0000 0049 | c787 a003 
  0x000002a0f29fd140: 0000 0000 | 0000 49c7 | 87b0 0300 | 0000 0000 | 0049 c787 | a803 0000 | 0000 0000 | c5f8 774d 
  0x000002a0f29fd160: 8b9f 3004 | 0000 41c7 | 8300 0100 | 0000 0000 | 0049 bb1a | a59f f2a0 | 0200 004c | 3b5d 180f 
  0x000002a0f29fd180: 8524 0300 | 0048 8b04 | 2448 83c4 | 1048 85c0 | 0f84 fe02 | 0000 a803 | 0f85 0800 | 0000 488b 
  0x000002a0f29fd1a0: 00e9 ee02 | 0000 a801 | 0f85 0900 | 0000 488b | 40fe e9dd | 0200 0048 | 8b40 ff41 | 807f 3800 
  0x000002a0f29fd1c0: 0f84 ce02 | 0000 4883 | f800 0f84 | c402 0000 | 4d8b 5f28 | 4983 fb00 | 0f84 1400 | 0000 4983 
  0x000002a0f29fd1e0: eb08 4d89 | 5f28 4d03 | 5f30 4989 | 03e9 a202 | 0000 4881 | ec50 0100 | 0048 8904 | 2448 894c 
  0x000002a0f29fd200: 2408 4889 | 5424 1048 | 8974 2418 | 4889 7c24 | 204c 8944 | 2428 4c89 | 4c24 304c | 8954 2438 
  0x000002a0f29fd220: 4c89 5c24 | 40c5 fb11 | 4424 50c5 | fb11 4c24 | 58c5 fb11 | 5424 60c5 | fb11 5c24 | 68c5 fb11 
  0x000002a0f29fd240: 6424 70c5 | fb11 6c24 | 78c5 fb11 | b424 8000 | 0000 c5fb | 11bc 2488 | 0000 00c5 | 7b11 8424 
  0x000002a0f29fd260: 9000 0000 | c57b 118c | 2498 0000 | 00c5 7b11 | 9424 a000 | 0000 c57b | 119c 24a8 | 0000 00c5 
  0x000002a0f29fd280: 7b11 a424 | b000 0000 | c57b 11ac | 24b8 0000 | 00c5 7b11 | b424 c000 | 0000 c57b | 11bc 24c8 
  0x000002a0f29fd2a0: 0000 0062 | e1ff 0811 | 4424 1a62 | e1ff 0811 | 4c24 1b62 | e1ff 0811 | 5424 1c62 | e1ff 0811 
  0x000002a0f29fd2c0: 5c24 1d62 | e1ff 0811 | 6424 1e62 | e1ff 0811 | 6c24 1f62 | e1ff 0811 | 7424 2062 | e1ff 0811 
  0x000002a0f29fd2e0: 7c24 2162 | 61ff 0811 | 4424 2262 | 61ff 0811 | 4c24 2362 | 61ff 0811 | 5424 2462 | 61ff 0811 
  0x000002a0f29fd300: 5c24 2562 | 61ff 0811 | 6424 2662 | 61ff 0811 | 6c24 2762 | 61ff 0811 | 7424 2862 | 61ff 0811 
  0x000002a0f29fd320: 7c24 2949 | 8bd7 488b | c848 83ec | 2040 f6c4 | 0f0f 8419 | 0000 0048 | 83ec 0848 | b8a0 b520 
  0x000002a0f29fd340: 64fa 7f00 | 00ff d048 | 83c4 08e9 | 0c00 0000 | 48b8 a0b5 | 2064 fa7f | 0000 ffd0 | 4883 c420 
  0x000002a0f29fd360: 6261 ff08 | 107c 2429 | 6261 ff08 | 1074 2428 | 6261 ff08 | 106c 2427 | 6261 ff08 | 1064 2426 
  0x000002a0f29fd380: 6261 ff08 | 105c 2425 | 6261 ff08 | 1054 2424 | 6261 ff08 | 104c 2423 | 6261 ff08 | 1044 2422 
  0x000002a0f29fd3a0: 62e1 ff08 | 107c 2421 | 62e1 ff08 | 1074 2420 | 62e1 ff08 | 106c 241f | 62e1 ff08 | 1064 241e 
  0x000002a0f29fd3c0: 62e1 ff08 | 105c 241d | 62e1 ff08 | 1054 241c | 62e1 ff08 | 104c 241b | 62e1 ff08 | 1044 241a 
  0x000002a0f29fd3e0: c57b 10bc | 24c8 0000 | 00c5 7b10 | b424 c000 | 0000 c57b | 10ac 24b8 | 0000 00c5 | 7b10 a424 
  0x000002a0f29fd400: b000 0000 | c57b 109c | 24a8 0000 | 00c5 7b10 | 9424 a000 | 0000 c57b | 108c 2498 | 0000 00c5 
  0x000002a0f29fd420: 7b10 8424 | 9000 0000 | c5fb 10bc | 2488 0000 | 00c5 fb10 | b424 8000 | 0000 c5fb | 106c 2478 
  0x000002a0f29fd440: c5fb 1064 | 2470 c5fb | 105c 2468 | c5fb 1054 | 2460 c5fb | 104c 2458 | c5fb 1044 | 2450 4c8b 
  0x000002a0f29fd460: 5c24 404c | 8b54 2438 | 4c8b 4c24 | 304c 8b44 | 2428 488b | 7c24 2048 | 8b74 2418 | 488b 5424 
  0x000002a0f29fd480: 1048 8b4c | 2408 488b | 0424 4881 | c450 0100 | 00c5 f877 | 4889 4510 | 4883 ec10 | 4889 0424 
  0x000002a0f29fd4a0: 48c7 4424 | 0800 0000 | 0041 83bf | d004 0000 | 020f 85bf | 0000 0048 | 81ec 8000 | 0000 4889 
  0x000002a0f29fd4c0: 4424 7848 | 894c 2470 | 4889 5424 | 6848 895c | 2460 4889 | 6c24 5048 | 8974 2448 | 4889 7c24 
  0x000002a0f29fd4e0: 404c 8944 | 2438 4c89 | 4c24 304c | 8954 2428 | 4c89 5c24 | 204c 8964 | 2418 4c89 | 6c24 104c 
  0x000002a0f29fd500: 8974 2408 | 4c89 3c24 | 4c8b e448 | 83ec 2048 | 83e4 f048 | b850 7a63 | 64fa 7f00 | 00ff d049 
  0x000002a0f29fd520: 8be4 4c8b | 3c24 4c8b | 7424 084c | 8b6c 2410 | 4c8b 6424 | 184c 8b5c | 2420 4c8b | 5424 284c 
  0x000002a0f29fd540: 8b4c 2430 | 4c8b 4424 | 3848 8b7c | 2440 488b | 7424 4848 | 8b6c 2450 | 488b 5c24 | 6048 8b54 
  0x000002a0f29fd560: 2468 488b | 4c24 7048 | 8b44 2478 | 4881 c480 | 0000 004d | 33e4 488b | 5de8 4c8b | 6b08 4d8d 
  0x000002a0f29fd580: 6d38 4983 | 7f08 000f | 84bb 0000 | 00e8 0500 | 0000 e996 | 0000 0048 | 8d44 2408 | 4c89 6dc0 
  0x000002a0f29fd5a0: 498b cfc5 | f877 4989 | afb0 0300 | 0049 8987 | a003 0000 | 4883 ec20 | 40f6 c40f | 0f84 1900 
  0x000002a0f29fd5c0: 0000 4883 | ec08 48b8 | 8051 2c64 | fa7f 0000 | ffd0 4883 | c408 e90c | 0000 0048 | b880 512c 
  0x000002a0f29fd5e0: 64fa 7f00 | 00ff d048 | 83c4 2049 | c787 a003 | 0000 0000 | 0000 49c7 | 87b0 0300 | 0000 0000 
  0x000002a0f29fd600: 0049 c787 | a803 0000 | 0000 0000 | c5f8 7749 | 837f 0800 | 0f84 0500 | 0000 e9e1 | 38ff ff4c 
  0x000002a0f29fd620: 8b6d c04c | 8b75 c84e | 8d74 f500 | c348 b988 | a18f 64fa | 7f00 0048 | 83e4 f048 | b830 fa51 
  0x000002a0f29fd640: 64fa 7f00 | 00ff d0f4 | 448b 5b28 | 41f6 c320 | 0f84 4401 | 0000 488d | 55a8 4c8b | 5a08 4d85 
  0x000002a0f29fd660: db0f 85bb | 0000 00e8 | 0500 0000 | e996 0000 | 0048 8d44 | 2408 4c89 | 6dc0 498b | cfc5 f877 
  0x000002a0f29fd680: 4989 afb0 | 0300 0049 | 8987 a003 | 0000 4883 | ec20 40f6 | c40f 0f84 | 1900 0000 | 4883 ec08 
  0x000002a0f29fd6a0: 48b8 b050 | 2c64 fa7f | 0000 ffd0 | 4883 c408 | e90c 0000 | 0048 b8b0 | 502c 64fa | 7f00 00ff 
  0x000002a0f29fd6c0: d048 83c4 | 2049 c787 | a003 0000 | 0000 0000 | 49c7 87b0 | 0300 0000 | 0000 0049 | c787 a803 
  0x000002a0f29fd6e0: 0000 0000 | 0000 c5f8 | 7749 837f | 0800 0f84 | 0500 0000 | e907 38ff | ff4c 8b6d | c04c 8b75 
  0x000002a0f29fd700: c84e 8d74 | f500 c348 | b988 a18f | 64fa 7f00 | 0048 83e4 | f048 b830 | fa51 64fa | 7f00 00ff 
  0x000002a0f29fd720: d0f4 4c89 | 6dc0 488d | 024c 8b4a | 0848 c742 | 0800 0000 | 004c 8b00 | 4d85 c00f | 840b 0000 
  0x000002a0f29fd740: 00f0 4d0f | b101 0f85 | 0c00 0000 | 49ff 8f58 | 0500 00e9 | 3e00 0000 | 4c89 4a08 | 488b ca48 
  0x000002a0f29fd760: 83ec 2040 | f6c4 0f0f | 8419 0000 | 0048 83ec | 0848 b830 | 232c 64fa | 7f00 00ff | d048 83c4 
  0x000002a0f29fd780: 08e9 0c00 | 0000 48b8 | 3023 2c64 | fa7f 0000 | ffd0 4883 | c420 4c8b | 6dc0 49ba | 4774 b964 
  0x000002a0f29fd7a0: fa7f 0000 | 4180 3a00 | 0f84 3e00 | 0000 488b | 55e8 498b | cf48 83ec | 2040 f6c4 | 0f0f 8419 
  0x000002a0f29fd7c0: 0000 0048 | 83ec 0848 | b810 4263 | 64fa 7f00 | 00ff d048 | 83c4 08e9 | 0c00 0000 | 48b8 1042 
  0x000002a0f29fd7e0: 6364 fa7f | 0000 ffd0 | 4883 c420 | 488b 0424 | 4883 c410 | c5fb 1004 | 2448 83c4 | 104c 8b5d 
  0x000002a0f29fd800: 1841 ffd3 | 4c8b 5df8 | c95f 498b | e3ff e7ba | 0000 0000 | e805 0000 | 00e9 9600 | 0000 488d 
  0x000002a0f29fd820: 4424 084c | 896d c049 | 8bcf c5f8 | 7749 89af | b003 0000 | 4989 87a0 | 0300 0048 | 83ec 2040 
  0x000002a0f29fd840: f6c4 0f0f | 8419 0000 | 0048 83ec | 0848 b8f0 | 162c 64fa | 7f00 00ff | d048 83c4 | 08e9 0c00 
  0x000002a0f29fd860: 0000 48b8 | f016 2c64 | fa7f 0000 | ffd0 4883 | c420 49c7 | 87a0 0300 | 0000 0000 | 0049 c787 
  0x000002a0f29fd880: b003 0000 | 0000 0000 | 49c7 87a8 | 0300 0000 | 0000 00c5 | f877 4983 | 7f08 000f | 8405 0000 
  0x000002a0f29fd8a0: 00e9 5a36 | ffff 4c8b | 6dc0 4c8b | 75c8 4e8d | 74f5 00c3 | 488b 5de8 | e95b f5ff | ff66 6690 
[/MachCode]

---------------  P R O C E S S  ---------------

Threads class SMR info:
_java_thread_list=0x000002a0c54a6450, length=16, elements={
0x000002a0ff81f9e0, 0x000002a0ff8251b0, 0x000002a0ff82a8c0, 0x000002a0ff8369a0,
0x000002a0ff83b9d0, 0x000002a0ff839900, 0x000002a0ff864ac0, 0x000002a0ff8658c0,
0x000002a0ff838550, 0x000002a0ff839270, 0x000002a0ff839f90, 0x000002a0ff838be0,
0x000002a0ff83a620, 0x000002a0ff83acb0, 0x000002a0ff83b340, 0x000002a0c6d68c90
}

Java Threads: ( => current thread )
  0x000002a0ff81f9e0 JavaThread "Reference Handler"          daemon [_thread_blocked, id=8744, stack(0x000000b110900000,0x000000b110a00000) (1024K)]
  0x000002a0ff8251b0 JavaThread "Finalizer"                  daemon [_thread_blocked, id=12632, stack(0x000000b110a00000,0x000000b110b00000) (1024K)]
  0x000002a0ff82a8c0 JavaThread "Signal Dispatcher"          daemon [_thread_blocked, id=10084, stack(0x000000b110b00000,0x000000b110c00000) (1024K)]
  0x000002a0ff8369a0 JavaThread "Attach Listener"            daemon [_thread_blocked, id=12224, stack(0x000000b110c00000,0x000000b110d00000) (1024K)]
  0x000002a0ff83b9d0 JavaThread "Service Thread"             daemon [_thread_blocked, id=9496, stack(0x000000b110d00000,0x000000b110e00000) (1024K)]
  0x000002a0ff839900 JavaThread "Monitor Deflation Thread"   daemon [_thread_blocked, id=11320, stack(0x000000b110e00000,0x000000b110f00000) (1024K)]
  0x000002a0ff864ac0 JavaThread "C2 CompilerThread0"         daemon [_thread_blocked, id=8188, stack(0x000000b110f00000,0x000000b111000000) (1024K)]
  0x000002a0ff8658c0 JavaThread "C1 CompilerThread0"         daemon [_thread_blocked, id=11348, stack(0x000000b111000000,0x000000b111100000) (1024K)]
  0x000002a0ff838550 JavaThread "Notification Thread"        daemon [_thread_blocked, id=7488, stack(0x000000b111100000,0x000000b111200000) (1024K)]
  0x000002a0ff839270 JavaThread "Common-Cleaner"             daemon [_thread_blocked, id=9712, stack(0x000000b111200000,0x000000b111300000) (1024K)]
  0x000002a0ff839f90 JavaThread "Java2D Disposer"            daemon [_thread_blocked, id=0, stack(0x000000b111300000,0x000000b111400000) (1024K)]
  0x000002a0ff838be0 JavaThread "AWT-Shutdown"                      [_thread_blocked, id=0, stack(0x000000b111400000,0x000000b111500000) (1024K)]
  0x000002a0ff83a620 JavaThread "AWT-Windows"                daemon [_thread_in_native, id=0, stack(0x000000b111500000,0x000000b111600000) (1024K)]
=>0x000002a0ff83acb0 JavaThread "AWT-EventQueue-0"                  [_thread_in_native, id=0, stack(0x000000b111600000,0x000000b111700000) (1024K)]
  0x000002a0ff83b340 JavaThread "DestroyJavaVM"                     [_thread_blocked, id=0, stack(0x000000b110100000,0x000000b110200000) (1024K)]
  0x000002a0c6d68c90 JavaThread "TimerQueue"                 daemon [_thread_in_vm, id=8080, stack(0x000000b111700000,0x000000b111800000) (1024K)]
Total: 16

Other Threads:
  0x000002a0ff807120 VMThread "VM Thread"                           [id=11176, stack(0x000000b110800000,0x000000b110900000) (1024K)]
  0x000002a0ff7f0d40 WatcherThread "VM Periodic Task Thread"        [id=12384, stack(0x000000b110700000,0x000000b110800000) (1024K)]
  0x000002a0e2f53450 WorkerThread "GC Thread#0"                     [id=12168, stack(0x000000b110200000,0x000000b110300000) (1024K)]
  0x000002a0e2f65720 ConcurrentGCThread "G1 Main Marker"            [id=5164, stack(0x000000b110300000,0x000000b110400000) (1024K)]
  0x000002a0e2f68240 WorkerThread "G1 Conc#0"                       [id=6988, stack(0x000000b110400000,0x000000b110500000) (1024K)]
  0x000002a0e2fae6c0 ConcurrentGCThread "G1 Refine#0"               [id=1496, stack(0x000000b110500000,0x000000b110600000) (1024K)]
  0x000002a0ff6c74f0 ConcurrentGCThread "G1 Service"                [id=10232, stack(0x000000b110600000,0x000000b110700000) (1024K)]
Total: 7

Threads with active compile tasks:
Total: 0

VM state: not at safepoint (normal execution)

VM Mutex/Monitor currently owned by a thread: None

Heap address: 0x0000000083400000, size: 1996 MB, Compressed Oops mode: 32-bit

CDS archive(s) mapped at: [0x000002a080000000-0x000002a080c50000-0x000002a080c50000), size 12910592, SharedBaseAddress: 0x000002a080000000, ArchiveRelocationMode: 1.
Compressed class space mapped at: 0x000002a081000000-0x000002a0c1000000, reserved size: 1073741824
Narrow klass base: 0x000002a080000000, Narrow klass shift: 0, Narrow klass range: 0x41000000

GC Precious Log:
 CardTable entry size: 512
 Card Set container configuration: InlinePtr #cards 5 size 8 Array Of Cards #cards 12 size 40 Howl #buckets 4 coarsen threshold 1843 Howl Bitmap #cards 512 size 80 coarsen threshold 460 Card regions per heap region 1 cards per card region 2048
 CPUs: 4 total, 4 available
 Memory: 7981M
 Large Page Support: Disabled
 NUMA Support: Disabled
 Compressed Oops: Enabled (32-bit)
 Heap Region Size: 1M
 Heap Min Capacity: 8M
 Heap Initial Capacity: 126M
 Heap Max Capacity: 1996M
 Pre-touch: Disabled
 Parallel Workers: 4
 Concurrent Workers: 1
 Concurrent Refinement Workers: 4
 Periodic GC: Disabled

Heap:
 garbage-first heap   total reserved 2043904K, committed 129024K, used 7168K [0x0000000083400000, 0x0000000100000000)
  region size 1024K, 6 young (6144K), 0 survivors (0K)
 Metaspace       used 5733K, committed 6016K, reserved 1114112K
  class space    used 619K, committed 768K, reserved 1048576K

Heap Regions: E=young(eden), S=young(survivor), O=old, HS=humongous(starts), HC=humongous(continues), CS=collection set, F=free, TAMS=top-at-mark-start, PB=parsable bottom
|   0|0x0000000083400000, 0x0000000083500000, 0x0000000083500000|100%|HS|  |TAMS 0x0000000083400000| PB 0x0000000083400000| Complete |  0
|   1|0x0000000083500000, 0x0000000083600000, 0x0000000083600000|100%|HS|  |TAMS 0x0000000083500000| PB 0x0000000083500000| Complete |  0
|   2|0x0000000083600000, 0x0000000083600000, 0x0000000083700000|  0%| F|  |TAMS 0x0000000083600000| PB 0x0000000083600000| Untracked |  0
|   3|0x0000000083700000, 0x0000000083700000, 0x0000000083800000|  0%| F|  |TAMS 0x0000000083700000| PB 0x0000000083700000| Untracked |  0
|   4|0x0000000083800000, 0x0000000083800000, 0x0000000083900000|  0%| F|  |TAMS 0x0000000083800000| PB 0x0000000083800000| Untracked |  0
|   5|0x0000000083900000, 0x0000000083900000, 0x0000000083a00000|  0%| F|  |TAMS 0x0000000083900000| PB 0x0000000083900000| Untracked |  0
|   6|0x0000000083a00000, 0x0000000083a00000, 0x0000000083b00000|  0%| F|  |TAMS 0x0000000083a00000| PB 0x0000000083a00000| Untracked |  0
|   7|0x0000000083b00000, 0x0000000083b00000, 0x0000000083c00000|  0%| F|  |TAMS 0x0000000083b00000| PB 0x0000000083b00000| Untracked |  0
|   8|0x0000000083c00000, 0x0000000083c00000, 0x0000000083d00000|  0%| F|  |TAMS 0x0000000083c00000| PB 0x0000000083c00000| Untracked |  0
|   9|0x0000000083d00000, 0x0000000083d00000, 0x0000000083e00000|  0%| F|  |TAMS 0x0000000083d00000| PB 0x0000000083d00000| Untracked |  0
|  10|0x0000000083e00000, 0x0000000083e00000, 0x0000000083f00000|  0%| F|  |TAMS 0x0000000083e00000| PB 0x0000000083e00000| Untracked |  0
|  11|0x0000000083f00000, 0x0000000083f00000, 0x0000000084000000|  0%| F|  |TAMS 0x0000000083f00000| PB 0x0000000083f00000| Untracked |  0
|  12|0x0000000084000000, 0x0000000084000000, 0x0000000084100000|  0%| F|  |TAMS 0x0000000084000000| PB 0x0000000084000000| Untracked |  0
|  13|0x0000000084100000, 0x0000000084100000, 0x0000000084200000|  0%| F|  |TAMS 0x0000000084100000| PB 0x0000000084100000| Untracked |  0
|  14|0x0000000084200000, 0x0000000084200000, 0x0000000084300000|  0%| F|  |TAMS 0x0000000084200000| PB 0x0000000084200000| Untracked |  0
|  15|0x0000000084300000, 0x0000000084300000, 0x0000000084400000|  0%| F|  |TAMS 0x0000000084300000| PB 0x0000000084300000| Untracked |  0
|  16|0x0000000084400000, 0x0000000084400000, 0x0000000084500000|  0%| F|  |TAMS 0x0000000084400000| PB 0x0000000084400000| Untracked |  0
|  17|0x0000000084500000, 0x0000000084500000, 0x0000000084600000|  0%| F|  |TAMS 0x0000000084500000| PB 0x0000000084500000| Untracked |  0
|  18|0x0000000084600000, 0x0000000084600000, 0x0000000084700000|  0%| F|  |TAMS 0x0000000084600000| PB 0x0000000084600000| Untracked |  0
|  19|0x0000000084700000, 0x0000000084700000, 0x0000000084800000|  0%| F|  |TAMS 0x0000000084700000| PB 0x0000000084700000| Untracked |  0
|  20|0x0000000084800000, 0x0000000084800000, 0x0000000084900000|  0%| F|  |TAMS 0x0000000084800000| PB 0x0000000084800000| Untracked |  0
|  21|0x0000000084900000, 0x0000000084900000, 0x0000000084a00000|  0%| F|  |TAMS 0x0000000084900000| PB 0x0000000084900000| Untracked |  0
|  22|0x0000000084a00000, 0x0000000084a00000, 0x0000000084b00000|  0%| F|  |TAMS 0x0000000084a00000| PB 0x0000000084a00000| Untracked |  0
|  23|0x0000000084b00000, 0x0000000084b00000, 0x0000000084c00000|  0%| F|  |TAMS 0x0000000084b00000| PB 0x0000000084b00000| Untracked |  0
|  24|0x0000000084c00000, 0x0000000084c00000, 0x0000000084d00000|  0%| F|  |TAMS 0x0000000084c00000| PB 0x0000000084c00000| Untracked |  0
|  25|0x0000000084d00000, 0x0000000084d00000, 0x0000000084e00000|  0%| F|  |TAMS 0x0000000084d00000| PB 0x0000000084d00000| Untracked |  0
|  26|0x0000000084e00000, 0x0000000084e00000, 0x0000000084f00000|  0%| F|  |TAMS 0x0000000084e00000| PB 0x0000000084e00000| Untracked |  0
|  27|0x0000000084f00000, 0x0000000084f00000, 0x0000000085000000|  0%| F|  |TAMS 0x0000000084f00000| PB 0x0000000084f00000| Untracked |  0
|  28|0x0000000085000000, 0x0000000085000000, 0x0000000085100000|  0%| F|  |TAMS 0x0000000085000000| PB 0x0000000085000000| Untracked |  0
|  29|0x0000000085100000, 0x0000000085100000, 0x0000000085200000|  0%| F|  |TAMS 0x0000000085100000| PB 0x0000000085100000| Untracked |  0
|  30|0x0000000085200000, 0x0000000085200000, 0x0000000085300000|  0%| F|  |TAMS 0x0000000085200000| PB 0x0000000085200000| Untracked |  0
|  31|0x0000000085300000, 0x0000000085300000, 0x0000000085400000|  0%| F|  |TAMS 0x0000000085300000| PB 0x0000000085300000| Untracked |  0
|  32|0x0000000085400000, 0x0000000085400000, 0x0000000085500000|  0%| F|  |TAMS 0x0000000085400000| PB 0x0000000085400000| Untracked |  0
|  33|0x0000000085500000, 0x0000000085500000, 0x0000000085600000|  0%| F|  |TAMS 0x0000000085500000| PB 0x0000000085500000| Untracked |  0
|  34|0x0000000085600000, 0x0000000085600000, 0x0000000085700000|  0%| F|  |TAMS 0x0000000085600000| PB 0x0000000085600000| Untracked |  0
|  35|0x0000000085700000, 0x0000000085700000, 0x0000000085800000|  0%| F|  |TAMS 0x0000000085700000| PB 0x0000000085700000| Untracked |  0
|  36|0x0000000085800000, 0x0000000085800000, 0x0000000085900000|  0%| F|  |TAMS 0x0000000085800000| PB 0x0000000085800000| Untracked |  0
|  37|0x0000000085900000, 0x0000000085900000, 0x0000000085a00000|  0%| F|  |TAMS 0x0000000085900000| PB 0x0000000085900000| Untracked |  0
|  38|0x0000000085a00000, 0x0000000085a00000, 0x0000000085b00000|  0%| F|  |TAMS 0x0000000085a00000| PB 0x0000000085a00000| Untracked |  0
|  39|0x0000000085b00000, 0x0000000085b00000, 0x0000000085c00000|  0%| F|  |TAMS 0x0000000085b00000| PB 0x0000000085b00000| Untracked |  0
|  40|0x0000000085c00000, 0x0000000085c00000, 0x0000000085d00000|  0%| F|  |TAMS 0x0000000085c00000| PB 0x0000000085c00000| Untracked |  0
|  41|0x0000000085d00000, 0x0000000085d00000, 0x0000000085e00000|  0%| F|  |TAMS 0x0000000085d00000| PB 0x0000000085d00000| Untracked |  0
|  42|0x0000000085e00000, 0x0000000085e00000, 0x0000000085f00000|  0%| F|  |TAMS 0x0000000085e00000| PB 0x0000000085e00000| Untracked |  0
|  43|0x0000000085f00000, 0x0000000085f00000, 0x0000000086000000|  0%| F|  |TAMS 0x0000000085f00000| PB 0x0000000085f00000| Untracked |  0
|  44|0x0000000086000000, 0x0000000086000000, 0x0000000086100000|  0%| F|  |TAMS 0x0000000086000000| PB 0x0000000086000000| Untracked |  0
|  45|0x0000000086100000, 0x0000000086100000, 0x0000000086200000|  0%| F|  |TAMS 0x0000000086100000| PB 0x0000000086100000| Untracked |  0
|  46|0x0000000086200000, 0x0000000086200000, 0x0000000086300000|  0%| F|  |TAMS 0x0000000086200000| PB 0x0000000086200000| Untracked |  0
|  47|0x0000000086300000, 0x0000000086300000, 0x0000000086400000|  0%| F|  |TAMS 0x0000000086300000| PB 0x0000000086300000| Untracked |  0
|  48|0x0000000086400000, 0x0000000086400000, 0x0000000086500000|  0%| F|  |TAMS 0x0000000086400000| PB 0x0000000086400000| Untracked |  0
|  49|0x0000000086500000, 0x0000000086500000, 0x0000000086600000|  0%| F|  |TAMS 0x0000000086500000| PB 0x0000000086500000| Untracked |  0
|  50|0x0000000086600000, 0x0000000086600000, 0x0000000086700000|  0%| F|  |TAMS 0x0000000086600000| PB 0x0000000086600000| Untracked |  0
|  51|0x0000000086700000, 0x0000000086700000, 0x0000000086800000|  0%| F|  |TAMS 0x0000000086700000| PB 0x0000000086700000| Untracked |  0
|  52|0x0000000086800000, 0x0000000086800000, 0x0000000086900000|  0%| F|  |TAMS 0x0000000086800000| PB 0x0000000086800000| Untracked |  0
|  53|0x0000000086900000, 0x0000000086900000, 0x0000000086a00000|  0%| F|  |TAMS 0x0000000086900000| PB 0x0000000086900000| Untracked |  0
|  54|0x0000000086a00000, 0x0000000086a00000, 0x0000000086b00000|  0%| F|  |TAMS 0x0000000086a00000| PB 0x0000000086a00000| Untracked |  0
|  55|0x0000000086b00000, 0x0000000086b00000, 0x0000000086c00000|  0%| F|  |TAMS 0x0000000086b00000| PB 0x0000000086b00000| Untracked |  0
|  56|0x0000000086c00000, 0x0000000086c00000, 0x0000000086d00000|  0%| F|  |TAMS 0x0000000086c00000| PB 0x0000000086c00000| Untracked |  0
|  57|0x0000000086d00000, 0x0000000086d00000, 0x0000000086e00000|  0%| F|  |TAMS 0x0000000086d00000| PB 0x0000000086d00000| Untracked |  0
|  58|0x0000000086e00000, 0x0000000086e00000, 0x0000000086f00000|  0%| F|  |TAMS 0x0000000086e00000| PB 0x0000000086e00000| Untracked |  0
|  59|0x0000000086f00000, 0x0000000086f00000, 0x0000000087000000|  0%| F|  |TAMS 0x0000000086f00000| PB 0x0000000086f00000| Untracked |  0
|  60|0x0000000087000000, 0x0000000087000000, 0x0000000087100000|  0%| F|  |TAMS 0x0000000087000000| PB 0x0000000087000000| Untracked |  0
|  61|0x0000000087100000, 0x0000000087100000, 0x0000000087200000|  0%| F|  |TAMS 0x0000000087100000| PB 0x0000000087100000| Untracked |  0
|  62|0x0000000087200000, 0x0000000087200000, 0x0000000087300000|  0%| F|  |TAMS 0x0000000087200000| PB 0x0000000087200000| Untracked |  0
|  63|0x0000000087300000, 0x0000000087300000, 0x0000000087400000|  0%| F|  |TAMS 0x0000000087300000| PB 0x0000000087300000| Untracked |  0
|  64|0x0000000087400000, 0x0000000087400000, 0x0000000087500000|  0%| F|  |TAMS 0x0000000087400000| PB 0x0000000087400000| Untracked |  0
|  65|0x0000000087500000, 0x0000000087500000, 0x0000000087600000|  0%| F|  |TAMS 0x0000000087500000| PB 0x0000000087500000| Untracked |  0
|  66|0x0000000087600000, 0x0000000087600000, 0x0000000087700000|  0%| F|  |TAMS 0x0000000087600000| PB 0x0000000087600000| Untracked |  0
|  67|0x0000000087700000, 0x0000000087700000, 0x0000000087800000|  0%| F|  |TAMS 0x0000000087700000| PB 0x0000000087700000| Untracked |  0
|  68|0x0000000087800000, 0x0000000087800000, 0x0000000087900000|  0%| F|  |TAMS 0x0000000087800000| PB 0x0000000087800000| Untracked |  0
|  69|0x0000000087900000, 0x0000000087900000, 0x0000000087a00000|  0%| F|  |TAMS 0x0000000087900000| PB 0x0000000087900000| Untracked |  0
|  70|0x0000000087a00000, 0x0000000087a00000, 0x0000000087b00000|  0%| F|  |TAMS 0x0000000087a00000| PB 0x0000000087a00000| Untracked |  0
|  71|0x0000000087b00000, 0x0000000087b00000, 0x0000000087c00000|  0%| F|  |TAMS 0x0000000087b00000| PB 0x0000000087b00000| Untracked |  0
|  72|0x0000000087c00000, 0x0000000087c00000, 0x0000000087d00000|  0%| F|  |TAMS 0x0000000087c00000| PB 0x0000000087c00000| Untracked |  0
|  73|0x0000000087d00000, 0x0000000087d00000, 0x0000000087e00000|  0%| F|  |TAMS 0x0000000087d00000| PB 0x0000000087d00000| Untracked |  0
|  74|0x0000000087e00000, 0x0000000087e00000, 0x0000000087f00000|  0%| F|  |TAMS 0x0000000087e00000| PB 0x0000000087e00000| Untracked |  0
|  75|0x0000000087f00000, 0x0000000087f00000, 0x0000000088000000|  0%| F|  |TAMS 0x0000000087f00000| PB 0x0000000087f00000| Untracked |  0
|  76|0x0000000088000000, 0x0000000088000000, 0x0000000088100000|  0%| F|  |TAMS 0x0000000088000000| PB 0x0000000088000000| Untracked |  0
|  77|0x0000000088100000, 0x0000000088100000, 0x0000000088200000|  0%| F|  |TAMS 0x0000000088100000| PB 0x0000000088100000| Untracked |  0
|  78|0x0000000088200000, 0x0000000088200000, 0x0000000088300000|  0%| F|  |TAMS 0x0000000088200000| PB 0x0000000088200000| Untracked |  0
|  79|0x0000000088300000, 0x0000000088300000, 0x0000000088400000|  0%| F|  |TAMS 0x0000000088300000| PB 0x0000000088300000| Untracked |  0
|  80|0x0000000088400000, 0x0000000088400000, 0x0000000088500000|  0%| F|  |TAMS 0x0000000088400000| PB 0x0000000088400000| Untracked |  0
|  81|0x0000000088500000, 0x0000000088500000, 0x0000000088600000|  0%| F|  |TAMS 0x0000000088500000| PB 0x0000000088500000| Untracked |  0
|  82|0x0000000088600000, 0x0000000088600000, 0x0000000088700000|  0%| F|  |TAMS 0x0000000088600000| PB 0x0000000088600000| Untracked |  0
|  83|0x0000000088700000, 0x0000000088700000, 0x0000000088800000|  0%| F|  |TAMS 0x0000000088700000| PB 0x0000000088700000| Untracked |  0
|  84|0x0000000088800000, 0x0000000088800000, 0x0000000088900000|  0%| F|  |TAMS 0x0000000088800000| PB 0x0000000088800000| Untracked |  0
|  85|0x0000000088900000, 0x0000000088900000, 0x0000000088a00000|  0%| F|  |TAMS 0x0000000088900000| PB 0x0000000088900000| Untracked |  0
|  86|0x0000000088a00000, 0x0000000088a00000, 0x0000000088b00000|  0%| F|  |TAMS 0x0000000088a00000| PB 0x0000000088a00000| Untracked |  0
|  87|0x0000000088b00000, 0x0000000088b00000, 0x0000000088c00000|  0%| F|  |TAMS 0x0000000088b00000| PB 0x0000000088b00000| Untracked |  0
|  88|0x0000000088c00000, 0x0000000088c00000, 0x0000000088d00000|  0%| F|  |TAMS 0x0000000088c00000| PB 0x0000000088c00000| Untracked |  0
|  89|0x0000000088d00000, 0x0000000088d00000, 0x0000000088e00000|  0%| F|  |TAMS 0x0000000088d00000| PB 0x0000000088d00000| Untracked |  0
|  90|0x0000000088e00000, 0x0000000088e00000, 0x0000000088f00000|  0%| F|  |TAMS 0x0000000088e00000| PB 0x0000000088e00000| Untracked |  0
|  91|0x0000000088f00000, 0x0000000088f00000, 0x0000000089000000|  0%| F|  |TAMS 0x0000000088f00000| PB 0x0000000088f00000| Untracked |  0
|  92|0x0000000089000000, 0x0000000089000000, 0x0000000089100000|  0%| F|  |TAMS 0x0000000089000000| PB 0x0000000089000000| Untracked |  0
|  93|0x0000000089100000, 0x0000000089100000, 0x0000000089200000|  0%| F|  |TAMS 0x0000000089100000| PB 0x0000000089100000| Untracked |  0
|  94|0x0000000089200000, 0x0000000089200000, 0x0000000089300000|  0%| F|  |TAMS 0x0000000089200000| PB 0x0000000089200000| Untracked |  0
|  95|0x0000000089300000, 0x0000000089300000, 0x0000000089400000|  0%| F|  |TAMS 0x0000000089300000| PB 0x0000000089300000| Untracked |  0
|  96|0x0000000089400000, 0x0000000089400000, 0x0000000089500000|  0%| F|  |TAMS 0x0000000089400000| PB 0x0000000089400000| Untracked |  0
|  97|0x0000000089500000, 0x0000000089500000, 0x0000000089600000|  0%| F|  |TAMS 0x0000000089500000| PB 0x0000000089500000| Untracked |  0
|  98|0x0000000089600000, 0x0000000089600000, 0x0000000089700000|  0%| F|  |TAMS 0x0000000089600000| PB 0x0000000089600000| Untracked |  0
|  99|0x0000000089700000, 0x0000000089700000, 0x0000000089800000|  0%| F|  |TAMS 0x0000000089700000| PB 0x0000000089700000| Untracked |  0
| 100|0x0000000089800000, 0x0000000089800000, 0x0000000089900000|  0%| F|  |TAMS 0x0000000089800000| PB 0x0000000089800000| Untracked |  0
| 101|0x0000000089900000, 0x0000000089900000, 0x0000000089a00000|  0%| F|  |TAMS 0x0000000089900000| PB 0x0000000089900000| Untracked |  0
| 102|0x0000000089a00000, 0x0000000089a00000, 0x0000000089b00000|  0%| F|  |TAMS 0x0000000089a00000| PB 0x0000000089a00000| Untracked |  0
| 103|0x0000000089b00000, 0x0000000089b00000, 0x0000000089c00000|  0%| F|  |TAMS 0x0000000089b00000| PB 0x0000000089b00000| Untracked |  0
| 104|0x0000000089c00000, 0x0000000089c00000, 0x0000000089d00000|  0%| F|  |TAMS 0x0000000089c00000| PB 0x0000000089c00000| Untracked |  0
| 105|0x0000000089d00000, 0x0000000089d00000, 0x0000000089e00000|  0%| F|  |TAMS 0x0000000089d00000| PB 0x0000000089d00000| Untracked |  0
| 106|0x0000000089e00000, 0x0000000089e00000, 0x0000000089f00000|  0%| F|  |TAMS 0x0000000089e00000| PB 0x0000000089e00000| Untracked |  0
| 107|0x0000000089f00000, 0x0000000089f00000, 0x000000008a000000|  0%| F|  |TAMS 0x0000000089f00000| PB 0x0000000089f00000| Untracked |  0
| 108|0x000000008a000000, 0x000000008a000000, 0x000000008a100000|  0%| F|  |TAMS 0x000000008a000000| PB 0x000000008a000000| Untracked |  0
| 109|0x000000008a100000, 0x000000008a100000, 0x000000008a200000|  0%| F|  |TAMS 0x000000008a100000| PB 0x000000008a100000| Untracked |  0
| 110|0x000000008a200000, 0x000000008a200000, 0x000000008a300000|  0%| F|  |TAMS 0x000000008a200000| PB 0x000000008a200000| Untracked |  0
| 111|0x000000008a300000, 0x000000008a300000, 0x000000008a400000|  0%| F|  |TAMS 0x000000008a300000| PB 0x000000008a300000| Untracked |  0
| 112|0x000000008a400000, 0x000000008a400000, 0x000000008a500000|  0%| F|  |TAMS 0x000000008a400000| PB 0x000000008a400000| Untracked |  0
| 113|0x000000008a500000, 0x000000008a500000, 0x000000008a600000|  0%| F|  |TAMS 0x000000008a500000| PB 0x000000008a500000| Untracked |  0
| 114|0x000000008a600000, 0x000000008a600000, 0x000000008a700000|  0%| F|  |TAMS 0x000000008a600000| PB 0x000000008a600000| Untracked |  0
| 115|0x000000008a700000, 0x000000008a700000, 0x000000008a800000|  0%| F|  |TAMS 0x000000008a700000| PB 0x000000008a700000| Untracked |  0
| 116|0x000000008a800000, 0x000000008a800000, 0x000000008a900000|  0%| F|  |TAMS 0x000000008a800000| PB 0x000000008a800000| Untracked |  0
| 117|0x000000008a900000, 0x000000008a900000, 0x000000008aa00000|  0%| F|  |TAMS 0x000000008a900000| PB 0x000000008a900000| Untracked |  0
| 118|0x000000008aa00000, 0x000000008aa00000, 0x000000008ab00000|  0%| F|  |TAMS 0x000000008aa00000| PB 0x000000008aa00000| Untracked |  0
| 119|0x000000008ab00000, 0x000000008ab00000, 0x000000008ac00000|  0%| F|  |TAMS 0x000000008ab00000| PB 0x000000008ab00000| Untracked |  0
| 120|0x000000008ac00000, 0x000000008acd74f0, 0x000000008ad00000| 84%| E|  |TAMS 0x000000008ac00000| PB 0x000000008ac00000| Complete |  0
| 121|0x000000008ad00000, 0x000000008ae00000, 0x000000008ae00000|100%| E|CS|TAMS 0x000000008ad00000| PB 0x000000008ad00000| Complete |  0
| 122|0x000000008ae00000, 0x000000008af00000, 0x000000008af00000|100%| E|CS|TAMS 0x000000008ae00000| PB 0x000000008ae00000| Complete |  0
| 123|0x000000008af00000, 0x000000008b000000, 0x000000008b000000|100%| E|CS|TAMS 0x000000008af00000| PB 0x000000008af00000| Complete |  0
| 124|0x000000008b000000, 0x000000008b100000, 0x000000008b100000|100%| E|CS|TAMS 0x000000008b000000| PB 0x000000008b000000| Complete |  0
| 125|0x000000008b100000, 0x000000008b200000, 0x000000008b200000|100%| E|CS|TAMS 0x000000008b100000| PB 0x000000008b100000| Complete |  0

Card table byte_map: [0x000002a0faed0000,0x000002a0fb2c0000] _byte_map_base: 0x000002a0faab6000

Marking Bits: (CMBitMap*) 0x000002a0e2f53b60
 Bits: [0x000002a0fb2c0000, 0x000002a0fd1f0000)

Polling page: 0x000002a0e16b0000

Metaspace:

Usage:
  Non-class:      4.99 MB used.
      Class:    619.32 KB used.
       Both:      5.60 MB used.

Virtual space:
  Non-class space:       64.00 MB reserved,       5.12 MB (  8%) committed,  1 nodes.
      Class space:        1.00 GB reserved,     768.00 KB ( <1%) committed,  1 nodes.
             Both:        1.06 GB reserved,       5.88 MB ( <1%) committed. 

Chunk freelists:
   Non-Class:  10.84 MB
       Class:  15.24 MB
        Both:  26.08 MB

MaxMetaspaceSize: unlimited
CompressedClassSpaceSize: 1.00 GB
Initial GC threshold: 21.00 MB
Current GC threshold: 21.00 MB
CDS: on
 - commit_granule_bytes: 65536.
 - commit_granule_words: 8192.
 - virtual_space_node_default_size: 8388608.
 - enlarge_chunks_in_place: 1.
 - use_allocation_guard: 0.


Internal statistics:

num_allocs_failed_limit: 0.
num_arena_births: 150.
num_arena_deaths: 0.
num_vsnodes_births: 2.
num_vsnodes_deaths: 0.
num_space_committed: 94.
num_space_uncommitted: 0.
num_chunks_returned_to_freelist: 0.
num_chunks_taken_from_freelist: 193.
num_chunk_merges: 0.
num_chunk_splits: 111.
num_chunks_enlarged: 37.
num_inconsistent_stats: 0.

CodeHeap 'non-profiled nmethods': size=120000Kb used=167Kb max_used=167Kb free=119832Kb
 bounds [0x000002a0f2f90000, 0x000002a0f3200000, 0x000002a0fa4c0000]
CodeHeap 'profiled nmethods': size=120000Kb used=797Kb max_used=797Kb free=119203Kb
 bounds [0x000002a0eb4c0000, 0x000002a0eb730000, 0x000002a0f29f0000]
CodeHeap 'non-nmethods': size=5760Kb used=1656Kb max_used=1664Kb free=4103Kb
 bounds [0x000002a0f29f0000, 0x000002a0f2c60000, 0x000002a0f2f90000]
 total_blobs=1154 nmethods=586 adapters=473
 compilation: enabled
              stopped_count=0, restarted_count=0
 full_count=0

Compilation events (20 events):
Event: 0.463 Thread 0x000002a0ff8658c0  575       3       jdk.internal.org.objectweb.asm.MethodWriter::visitEnd (1 bytes)
Event: 0.463 Thread 0x000002a0ff8658c0 nmethod 575 0x000002a0eb57fc10 code [0x000002a0eb57fda0, 0x000002a0eb57fea8]
Event: 0.463 Thread 0x000002a0ff8658c0  576       3       jdk.internal.org.objectweb.asm.MethodWriter::computeMethodInfoSize (571 bytes)
Event: 0.465 Thread 0x000002a0ff8658c0 nmethod 576 0x000002a0eb57ff10 code [0x000002a0eb580240, 0x000002a0eb581088]
Event: 0.465 Thread 0x000002a0ff8658c0  577       3       jdk.internal.org.objectweb.asm.MethodWriter::hasFrames (13 bytes)
Event: 0.465 Thread 0x000002a0ff8658c0 nmethod 577 0x000002a0eb581710 code [0x000002a0eb5818a0, 0x000002a0eb581a00]
Event: 0.465 Thread 0x000002a0ff8658c0  578       3       jdk.internal.org.objectweb.asm.MethodWriter::putMethodInfo (1274 bytes)
Event: 0.471 Thread 0x000002a0ff8658c0 nmethod 578 0x000002a0eb581a90 code [0x000002a0eb5821a0, 0x000002a0eb584880]
Event: 0.471 Thread 0x000002a0ff8658c0  579       3       jdk.internal.org.objectweb.asm.Handler::putExceptionTable (63 bytes)
Event: 0.471 Thread 0x000002a0ff8658c0 nmethod 579 0x000002a0eb585b90 code [0x000002a0eb585da0, 0x000002a0eb586230]
Event: 0.472 Thread 0x000002a0ff864ac0  581 %     4       java.lang.StringLatin1::indexOfChar @ 7 (33 bytes)
Event: 0.476 Thread 0x000002a0ff864ac0 nmethod 581% 0x000002a0f2fb9690 code [0x000002a0f2fb9820, 0x000002a0f2fb9a30]
Event: 0.476 Thread 0x000002a0ff8658c0  583       3       java.lang.invoke.InnerClassLambdaMetafactory::getOpcodeOffset (38 bytes)
Event: 0.477 Thread 0x000002a0ff8658c0 nmethod 583 0x000002a0eb586510 code [0x000002a0eb5866e0, 0x000002a0eb586998]
Event: 0.478 Thread 0x000002a0ff8658c0  584       3       java.util.Arrays::equals (43 bytes)
Event: 0.479 Thread 0x000002a0ff8658c0 nmethod 584 0x000002a0eb586a90 code [0x000002a0eb586c60, 0x000002a0eb586f28]
Event: 0.479 Thread 0x000002a0ff8658c0  585       1       java.util.concurrent.locks.AbstractOwnableSynchronizer::setExclusiveOwnerThread (6 bytes)
Event: 0.479 Thread 0x000002a0ff8658c0 nmethod 585 0x000002a0f2fb9b90 code [0x000002a0f2fb9d20, 0x000002a0f2fb9e30]
Event: 0.479 Thread 0x000002a0ff8658c0  586       3       java.util.ArrayList$Itr::hasNext (20 bytes)
Event: 0.479 Thread 0x000002a0ff8658c0 nmethod 586 0x000002a0eb587010 code [0x000002a0eb5871a0, 0x000002a0eb587310]

GC Heap History (0 events):
No events

Dll operation events (7 events):
Event: 0.008 Loaded shared library C:\Program Files\Java\temurin-22\bin\java.dll
Event: 0.056 Loaded shared library C:\Program Files\Java\temurin-22\bin\jsvml.dll
Event: 0.157 Loaded shared library C:\Program Files\Java\temurin-22\bin\jimage.dll
Event: 0.193 Loaded shared library C:\Program Files\Java\temurin-22\bin\awt.dll
Event: 0.409 Loaded shared library C:\Program Files\Java\temurin-22\bin\freetype.dll
Event: 0.410 Loaded shared library C:\Program Files\Java\temurin-22\bin\fontmanager.dll
Event: 0.471 Loaded shared library C:\Users\Ciro\Desktop\heavygl\modules\jforeignapi\natives\windows\heavygl.dll

Deoptimization events (0 events):
No events

Classes loaded (20 events):
Event: 0.482 Loading class java/awt/GraphicsCallback done
Event: 0.482 Loading class java/awt/GraphicsCallback$PaintCallback done
Event: 0.483 Loading class sun/awt/image/BufferedImageGraphicsConfig
Event: 0.484 Loading class sun/awt/image/BufferedImageGraphicsConfig done
Event: 0.484 Loading class sun/print/PrinterGraphicsConfig
Event: 0.484 Loading class sun/print/PrinterGraphicsConfig done
Event: 0.484 Loading class sun/java2d/opengl/WGLGraphicsConfig
Event: 0.484 Loading class sun/java2d/opengl/OGLGraphicsConfig
Event: 0.485 Loading class sun/java2d/opengl/OGLGraphicsConfig done
Event: 0.485 Loading class sun/java2d/opengl/WGLGraphicsConfig done
Event: 0.485 Loading class sun/awt/image/BufImgVolatileSurfaceManager
Event: 0.485 Loading class sun/awt/image/BufImgVolatileSurfaceManager done
Event: 0.486 Loading class java/awt/image/BufferedImage$1
Event: 0.486 Loading class java/awt/image/BufferedImage$1 done
Event: 0.486 Loading class sun/awt/image/BufImgSurfaceData
Event: 0.486 Loading class sun/awt/image/BufImgSurfaceData done
Event: 0.487 Loading class sun/awt/image/BufImgSurfaceData$ICMColorData
Event: 0.487 Loading class sun/awt/image/BufImgSurfaceData$ICMColorData done
Event: 0.487 Loading class sun/awt/image/BufferedImageDevice
Event: 0.487 Loading class sun/awt/image/BufferedImageDevice done

Classes unloaded (0 events):
No events

Classes redefined (0 events):
No events

Internal exceptions (15 events):
Event: 0.172 Thread 0x000002a0e2efb940 Exception <a 'java/lang/ClassNotFoundException'{0x000000008b077b60}: sun/awt/resources/spi/awtProvider> (0x000000008b077b60) 
thrown [s\src\hotspot\share\classfile\systemDictionary.cpp, line 313]
Event: 0.220 Thread 0x000002a0e2efb940 Exception <a 'java/io/FileNotFoundException'{0x000000008af183f8}> (0x000000008af183f8) 
thrown [s\src\hotspot\share\prims\jni.cpp, line 520]
Event: 0.236 Thread 0x000002a0e2efb940 Exception <a 'java/io/FileNotFoundException'{0x000000008af46678}> (0x000000008af46678) 
thrown [s\src\hotspot\share\prims\jni.cpp, line 520]
Event: 0.264 Thread 0x000002a0e2efb940 Exception <a 'java/lang/NoSuchMethodError'{0x000000008af7f028}: 'int java.lang.invoke.DirectMethodHandle$Holder.invokeStaticInit(java.lang.Object, int)'> (0x000000008af7f028) 
thrown [s\src\hotspot\share\interpreter\linkResolver.cpp, line 774]
Event: 0.265 Thread 0x000002a0e2efb940 Exception <a 'java/lang/NoSuchMethodError'{0x000000008af82ae0}: 'long java.lang.invoke.DirectMethodHandle$Holder.invokeStatic(java.lang.Object, java.lang.Object)'> (0x000000008af82ae0) 
thrown [s\src\hotspot\share\interpreter\linkResolver.cpp, line 774]
Event: 0.265 Thread 0x000002a0e2efb940 Exception <a 'java/lang/NoSuchMethodError'{0x000000008af85dc8}: 'long java.lang.invoke.DirectMethodHandle$Holder.invokeStaticInit(java.lang.Object, java.lang.Object)'> (0x000000008af85dc8) 
thrown [s\src\hotspot\share\interpreter\linkResolver.cpp, line 774]
Event: 0.266 Thread 0x000002a0e2efb940 Exception <a 'java/lang/NoSuchMethodError'{0x000000008af8c6f0}: 'java.lang.Object java.lang.invoke.DirectMethodHandle$Holder.invokeStaticInit(java.lang.Object, long, long, long)'> (0x000000008af8c6f0) 
thrown [s\src\hotspot\share\interpreter\linkResolver.cpp, line 774]
Event: 0.335 Thread 0x000002a0ff83acb0 Exception <a 'java/lang/NoSuchMethodError'{0x000000008ae73a38}: 'void java.lang.invoke.DirectMethodHandle$Holder.invokeSpecial(java.lang.Object, java.lang.Object, java.lang.Object)'> (0x000000008ae73a38) 
thrown [s\src\hotspot\share\interpreter\linkResolver.cpp, line 774]
Event: 0.344 Thread 0x000002a0ff83acb0 Exception <a 'java/lang/NoSuchMethodError'{0x000000008aee1ba0}: 'java.lang.Object java.lang.invoke.DirectMethodHandle$Holder.newInvokeSpecial(java.lang.Object, java.lang.Object, java.lang.Object, java.lang.Object, java.lang.Object)'> (0x000000008aee1ba0) 
thrown [s\src\hotspot\share\interpreter\linkResolver.cpp, line 774]
Event: 0.351 Thread 0x000002a0ff83acb0 Exception <a 'java/lang/NoSuchMethodError'{0x000000008ad0e718}: 'java.lang.Object java.lang.invoke.DirectMethodHandle$Holder.invokeStatic(java.lang.Object, int, java.lang.Object)'> (0x000000008ad0e718) 
thrown [s\src\hotspot\share\interpreter\linkResolver.cpp, line 774]
Event: 0.372 Thread 0x000002a0ff83acb0 Exception <a 'java/lang/ClassNotFoundException'{0x000000008adb0b98}: com/sun/swing/internal/plaf/metal/resources/spi/metalProvider> (0x000000008adb0b98) 
thrown [s\src\hotspot\share\classfile\systemDictionary.cpp, line 313]
Event: 0.374 Thread 0x000002a0ff83acb0 Exception <a 'java/lang/ClassNotFoundException'{0x000000008adb4b78}: com/sun/swing/internal/plaf/basic/resources/spi/basicProvider> (0x000000008adb4b78) 
thrown [s\src\hotspot\share\classfile\systemDictionary.cpp, line 313]
Event: 0.385 Thread 0x000002a0ff83acb0 Exception <a 'java/lang/NoSuchMethodError'{0x000000008add48b0}: 'int java.lang.invoke.Invokers$Holder.invokeExact_MT(java.lang.Object, java.lang.Object)'> (0x000000008add48b0) 
thrown [s\src\hotspot\share\interpreter\linkResolver.cpp, line 774]
Event: 0.405 Thread 0x000002a0ff83acb0 Exception <a 'java/lang/NoSuchMethodError'{0x000000008adfa188}: 'void java.lang.invoke.DirectMethodHandle$Holder.invokeStaticInit(java.lang.Object)'> (0x000000008adfa188) 
thrown [s\src\hotspot\share\interpreter\linkResolver.cpp, line 774]
Event: 0.458 Thread 0x000002a0ff83a620 Exception <a 'java/lang/NoSuchMethodError'{0x000000008ae0edf0}: 'void java.lang.invoke.DirectMethodHandle$Holder.invokeVirtual(java.lang.Object, java.lang.Object)'> (0x000000008ae0edf0) 
thrown [s\src\hotspot\share\interpreter\linkResolver.cpp, line 774]

ZGC Phase Switch (0 events):
No events

VM Operations (6 events):
Event: 0.111 Executing VM operation: HandshakeAllThreads (Deoptimize)
Event: 0.111 Executing VM operation: HandshakeAllThreads (Deoptimize) done
Event: 0.251 Executing VM operation: HandshakeAllThreads (Deoptimize)
Event: 0.251 Executing VM operation: HandshakeAllThreads (Deoptimize) done
Event: 0.372 Executing VM operation: HandshakeAllThreads (Deoptimize)
Event: 0.372 Executing VM operation: HandshakeAllThreads (Deoptimize) done

Events (18 events):
Event: 0.032 Thread 0x000002a0e2efb940 Thread added: 0x000002a0e2efb940
Event: 0.051 Thread 0x000002a0ff81f9e0 Thread added: 0x000002a0ff81f9e0
Event: 0.052 Thread 0x000002a0ff8251b0 Thread added: 0x000002a0ff8251b0
Event: 0.053 Thread 0x000002a0ff82a8c0 Thread added: 0x000002a0ff82a8c0
Event: 0.053 Thread 0x000002a0ff8369a0 Thread added: 0x000002a0ff8369a0
Event: 0.053 Thread 0x000002a0ff83b9d0 Thread added: 0x000002a0ff83b9d0
Event: 0.053 Thread 0x000002a0ff839900 Thread added: 0x000002a0ff839900
Event: 0.053 Thread 0x000002a0ff864ac0 Thread added: 0x000002a0ff864ac0
Event: 0.053 Thread 0x000002a0ff8658c0 Thread added: 0x000002a0ff8658c0
Event: 0.097 Thread 0x000002a0ff838550 Thread added: 0x000002a0ff838550
Event: 0.101 Thread 0x000002a0ff839270 Thread added: 0x000002a0ff839270
Event: 0.297 Thread 0x000002a0ff839f90 Thread added: 0x000002a0ff839f90
Event: 0.298 Thread 0x000002a0ff838be0 Thread added: 0x000002a0ff838be0
Event: 0.300 Thread 0x000002a0ff83a620 Thread added: 0x000002a0ff83a620
Event: 0.308 Thread 0x000002a0ff83acb0 Thread added: 0x000002a0ff83acb0
Event: 0.308 Thread 0x000002a0e2efb940 Thread exited: 0x000002a0e2efb940
Event: 0.308 Thread 0x000002a0ff83b340 Thread added: 0x000002a0ff83b340
Event: 0.477 Thread 0x000002a0c6d68c90 Thread added: 0x000002a0c6d68c90


Dynamic libraries:
0x00007ff77ebc0000 - 0x00007ff77ebce000 	C:\Program Files\Java\temurin-22\bin\javaw.exe
0x00007ffaa5e90000 - 0x00007ffaa60a7000 	C:\Windows\SYSTEM32\ntdll.dll
0x00007ffaa4d00000 - 0x00007ffaa4dc4000 	C:\Windows\System32\KERNEL32.DLL
0x00007ffaa3200000 - 0x00007ffaa35b9000 	C:\Windows\System32\KERNELBASE.dll
0x00007ffaa3660000 - 0x00007ffaa3771000 	C:\Windows\System32\ucrtbase.dll
0x00007ffa91440000 - 0x00007ffa9145b000 	C:\Program Files\Java\temurin-22\bin\VCRUNTIME140.dll
0x00007ffa98f80000 - 0x00007ffa98f97000 	C:\Program Files\Java\temurin-22\bin\jli.dll
0x00007ffaa44e0000 - 0x00007ffaa468e000 	C:\Windows\System32\USER32.dll
0x00007ffaa3ac0000 - 0x00007ffaa3ae6000 	C:\Windows\System32\win32u.dll
0x00007ffa8d2d0000 - 0x00007ffa8d562000 	C:\Windows\WinSxS\amd64_microsoft.windows.common-controls_6595b64144ccf1df_6.0.22621.4391_none_2715d37f73803e96\COMCTL32.dll
0x00007ffaa5e20000 - 0x00007ffaa5e49000 	C:\Windows\System32\GDI32.dll
0x00007ffaa4410000 - 0x00007ffaa44b7000 	C:\Windows\System32\msvcrt.dll
0x00007ffaa39a0000 - 0x00007ffaa3abb000 	C:\Windows\System32\gdi32full.dll
0x00007ffaa35c0000 - 0x00007ffaa365a000 	C:\Windows\System32\msvcp_win.dll
0x00007ffaa5ca0000 - 0x00007ffaa5cd1000 	C:\Windows\System32\IMM32.DLL
0x00007ffa8e860000 - 0x00007ffa8e94b000 	C:\Program Files\Windhawk\Engine\1.5.1\64\windhawk.dll
0x00007ffaa5d00000 - 0x00007ffaa5db2000 	C:\Windows\System32\ADVAPI32.dll
0x00007ffa9c440000 - 0x00007ffa9c576000 	C:\Windows\SYSTEM32\WINHTTP.dll
0x00007ffaa58c0000 - 0x00007ffaa5967000 	C:\Windows\System32\sechost.dll
0x00007ffaa3970000 - 0x00007ffaa3998000 	C:\Windows\System32\bcrypt.dll
0x00007ffaa5970000 - 0x00007ffaa5a84000 	C:\Windows\System32\RPCRT4.dll
0x00007ffa90810000 - 0x00007ffa9081c000 	C:\Program Files\Java\temurin-22\bin\vcruntime140_1.dll
0x00007ffa811b0000 - 0x00007ffa8123e000 	C:\Program Files\Java\temurin-22\bin\msvcp140.dll
0x00007ffa63ee0000 - 0x00007ffa64ca2000 	C:\Program Files\Java\temurin-22\bin\server\jvm.dll
0x00007ffaa4800000 - 0x00007ffaa4871000 	C:\Windows\System32\WS2_32.dll
0x00007ffaa3060000 - 0x00007ffaa30ad000 	C:\Windows\SYSTEM32\POWRPROF.dll
0x00007ffa9a8f0000 - 0x00007ffa9a8fa000 	C:\Windows\SYSTEM32\VERSION.dll
0x00007ffa9cfb0000 - 0x00007ffa9cfe4000 	C:\Windows\SYSTEM32\WINMM.dll
0x00007ffaa3040000 - 0x00007ffaa3053000 	C:\Windows\SYSTEM32\UMPDC.dll
0x00007ffaa2130000 - 0x00007ffaa2148000 	C:\Windows\SYSTEM32\kernel.appcore.dll
0x00007ffa8c680000 - 0x00007ffa8c68a000 	C:\Program Files\Java\temurin-22\bin\jimage.dll
0x00007ffaa0b40000 - 0x00007ffaa0d72000 	C:\Windows\SYSTEM32\DBGHELP.DLL
0x00007ffaa3ed0000 - 0x00007ffaa425f000 	C:\Windows\System32\combase.dll
0x00007ffaa3d60000 - 0x00007ffaa3e37000 	C:\Windows\System32\OLEAUT32.dll
0x00007ffa8bf70000 - 0x00007ffa8bfa2000 	C:\Windows\SYSTEM32\dbgcore.DLL
0x00007ffaa38f0000 - 0x00007ffaa396b000 	C:\Windows\System32\bcryptPrimitives.dll
0x00007ffa8c2b0000 - 0x00007ffa8c2ce000 	C:\Program Files\Java\temurin-22\bin\java.dll
0x00007ffaa4e30000 - 0x00007ffaa56a6000 	C:\Windows\System32\SHELL32.dll
0x00007ffaa3bb0000 - 0x00007ffaa3d55000 	C:\Windows\System32\ole32.dll
0x00007ffaa1080000 - 0x00007ffaa1983000 	C:\Windows\SYSTEM32\windows.storage.dll
0x00007ffaa0f40000 - 0x00007ffaa107f000 	C:\Windows\SYSTEM32\wintypes.dll
0x00007ffaa57b0000 - 0x00007ffaa58a9000 	C:\Windows\System32\SHCORE.dll
0x00007ffaa56b0000 - 0x00007ffaa570e000 	C:\Windows\System32\shlwapi.dll
0x00007ffaa30c0000 - 0x00007ffaa30eb000 	C:\Windows\SYSTEM32\profapi.dll
0x00007ffa65fc0000 - 0x00007ffa66097000 	C:\Program Files\Java\temurin-22\bin\jsvml.dll
0x00007ffa65e30000 - 0x00007ffa65fbd000 	C:\Program Files\Java\temurin-22\bin\awt.dll
0x00007ffa9f150000 - 0x00007ffa9f1e7000 	C:\Windows\SYSTEM32\apphelp.dll
0x00007ffaa02f0000 - 0x00007ffaa03a1000 	C:\Windows\system32\uxtheme.dll
0x00007ffaa46a0000 - 0x00007ffaa4800000 	C:\Windows\System32\MSCTF.dll
0x00007ffaa05b0000 - 0x00007ffaa05db000 	
0x00007ffa76b40000 - 0x00007ffa76c40000 	
0x00007ffa76a00000 - 0x00007ffa76a2d000 	
0x00007ffaa0440000 - 0x00007ffaa0477000 	
0x00007ffa71840000 - 0x00007ffa718c7000 	C:\Program Files\Java\temurin-22\bin\freetype.dll
0x00007ffa65d50000 - 0x00007ffa65e28000 	C:\Program Files\Java\temurin-22\bin\fontmanager.dll
0x00007ffa88d10000 - 0x00007ffa88e55000 	C:\Windows\SYSTEM32\textinputframework.dll
0x00007ffa8a810000 - 0x00007ffa8a826000 	C:\Users\Ciro\Desktop\heavygl\modules\jforeignapi\natives\windows\heavygl.dll

dbghelp: loaded successfully - version: 4.0.5 - missing functions: none
symbol engine: initialized successfully - sym options: 0x614 - pdb path: .;C:\Program Files\Java\temurin-22\bin;C:\Windows\SYSTEM32;C:\Windows\WinSxS\amd64_microsoft.windows.common-controls_6595b64144ccf1df_6.0.22621.4391_none_2715d37f73803e96;C:\Program Files\Windhawk\Engine\1.5.1\64;C:\Program Files\Java\temurin-22\bin\server;C:\Users\Ciro\Desktop\heavygl\modules\jforeignapi\natives\windows

VM Arguments:
jvm_args: -Djava.library.path=natives/windows -Dfile.encoding=UTF-8 -Dstdout.encoding=UTF-8 -Dstderr.encoding=UTF-8 -XX:+ShowCodeDetailsInExceptionMessages 
java_command: HGLTest
java_class_path (initial): C:\Users\Ciro\Desktop\heavygl\modules\jforeignapi\target\test-classes;C:\Users\Ciro\Desktop\heavygl\modules\jforeignapi\target\classes
Launcher Type: SUN_STANDARD

[Global flags]
     intx CICompilerCount                          = 3                                         {product} {ergonomic}
     uint ConcGCThreads                            = 1                                         {product} {ergonomic}
     uint G1ConcRefinementThreads                  = 4                                         {product} {ergonomic}
   size_t G1HeapRegionSize                         = 1048576                                   {product} {ergonomic}
   size_t InitialHeapSize                          = 132120576                                 {product} {ergonomic}
   size_t MarkStackSize                            = 4194304                                   {product} {ergonomic}
   size_t MaxHeapSize                              = 2092957696                                {product} {ergonomic}
   size_t MaxNewSize                               = 1255145472                                {product} {ergonomic}
   size_t MinHeapDeltaBytes                        = 1048576                                   {product} {ergonomic}
   size_t MinHeapSize                              = 8388608                                   {product} {ergonomic}
    uintx NonNMethodCodeHeapSize                   = 5832780                                {pd product} {ergonomic}
    uintx NonProfiledCodeHeapSize                  = 122912730                              {pd product} {ergonomic}
    uintx ProfiledCodeHeapSize                     = 122912730                              {pd product} {ergonomic}
    uintx ReservedCodeCacheSize                    = 251658240                              {pd product} {ergonomic}
     bool SegmentedCodeCache                       = true                                      {product} {ergonomic}
     bool ShowCodeDetailsInExceptionMessages       = true                                   {manageable} {command line}
   size_t SoftMaxHeapSize                          = 2092957696                             {manageable} {ergonomic}
     bool UseCompressedOops                        = true                           {product lp64_product} {ergonomic}
     bool UseG1GC                                  = true                                      {product} {ergonomic}
     bool UseLargePagesIndividualAllocation        = false                                  {pd product} {ergonomic}

Logging:
Log output configuration:
 #0: stdout all=warning uptime,level,tags foldmultilines=false
 #1: stderr all=off uptime,level,tags foldmultilines=false

Environment Variables:
JAVA_HOME=C:\Program Files\Java\temurin-22
PATH=C:/Program Files/Eclipse Foundation/Eclipse JEE//plugins/org.eclipse.justj.openjdk.hotspot.jre.full.win32.x86_64_21.0.4.v20240802-1551/jre/bin/server;C:/Program Files/Eclipse Foundation/Eclipse JEE//plugins/org.eclipse.justj.openjdk.hotspot.jre.full.win32.x86_64_21.0.4.v20240802-1551/jre/bin;C:\Program Files (x86)\Common Files\Intel\Shared Libraries\bin32;C:\Program Files (x86)\Common Files\Intel\Shared Libraries\bin;C:\Program Files\Java\temurin-22\bin;C:\Program Files (x86)\VMware\VMware Workstation\bin\;C:\Program Files\NetBeans-22\netbeans\java\maven\bin;C:\Windows\system32;C:\Windows;C:\mingw64\bin;C:\cygwin\bin;C:\Program Files (x86)\GnuWin32\bin;C:\Windows\System32\Wbem;C:\Windows\System32\WindowsPowerShell\v1.0\;C:\Windows\System32\OpenSSH\;C:\Program Files (x86)\GnuPG\bin;C:\Program Files\dotnet\;C:\Program Files\nodejs\;C:\Program Files\Microsoft\VS Code\bin;C:\Program Files\PowerShell\7\;C:\Program Files\Git\cmd;C:\Program Files\Microsoft SQL Server\150\Tools\Binn\;C:\Program Files\Microsoft SQL Server\Client SDK\ODBC\170\Tools\Binn\;C:\Program Files (x86)\Windows Kits\10\Windows Performance Toolkit\;C:\Users\Ciro\.cargo\bin;C:\Users\Ciro\AppData\Local\Microsoft\WindowsApps;C:\Users\Ciro\AppData\Local\atom\bin;C:\Users\Ciro\AppData\Roaming\npm;C:\Users\Ciro\AppData\Local\GitHubDesktop\bin;C:\Users\Ciro\.dotnet\tools;C:\Program Files\Eclipse Foundation\Eclipse JEE;
USERNAME=Ciro
OS=Windows_NT
PROCESSOR_IDENTIFIER=Intel64 Family 6 Model 126 Stepping 5, GenuineIntel
TMP=C:\Users\Ciro\AppData\Local\Temp
TEMP=C:\Users\Ciro\AppData\Local\Temp




Periodic native trim disabled

---------------  S Y S T E M  ---------------

OS:
 Windows 11 , 64 bit Build 22621 (10.0.22621.4391)
OS uptime: 0 days 22:07 hours
Hyper-V role detected

CPU: total 4 (initial active 4) (2 cores per cpu, 2 threads per core) family 6 model 126 stepping 5 microcode 0xa6, cx8, cmov, fxsr, ht, mmx, 3dnowpref, sse, sse2, sse3, ssse3, sse4.1, sse4.2, popcnt, lzcnt, tsc, tscinvbit, avx, avx2, aes, erms, clmul, bmi1, bmi2, adx, avx512f, avx512dq, avx512cd, avx512bw, avx512vl, sha, fma, vzeroupper, avx512_vpopcntdq, avx512_vpclmulqdq, avx512_vaes, avx512_vnni, clflush, clflushopt, avx512_vbmi2, avx512_vbmi, hv, rdtscp, rdpid, fsrm, gfni, avx512_bitalg, f16c, avx512_ifma
Processor Information for all 4 processors :
  Max Mhz: 1190, Current Mhz: 1190, Mhz Limit: 1190

Memory: 4k page, system-wide physical 7981M (1691M free)
TotalPageFile size 11821M (AvailPageFile size 4566M)
current process WorkingSet (physical memory assigned to process): 56M, peak: 56M
current process commit charge ("private bytes"): 208M, peak: 208M

vm_info: OpenJDK 64-Bit Server VM (22.0.1+8) for windows-amd64 JRE (22.0.1+8), built on 2024-04-16T00:00:00Z by "admin" with MS VC++ 17.7 (VS2022)

END.
